app/build/intermediates/manifest_merge_blame_file/release/manifest-merger-blame-release-report.txt
1<?xml version="1.0" encoding="utf-8"?>
2<manifest xmlns:android="http://schemas.android.com/apk/res/android"
3    package="nicolas.console.pr"
4    android:versionCode="9"
5    android:versionName="essai_91.3.50" >
6
7    <uses-sdk
8        android:minSdkVersion="20"
8-->src/main/AndroidManifest.xml
9        android:targetSdkVersion="29" />
9-->src/main/AndroidManifest.xml
10
11    <!--
12    uses-permission android:name="android.permission.INTERNET" >
13    </uses-permission>
14    <uses-permission android:name="android.permission.CHANGE_WIFI_STATE" >
15    </uses-permission>
16    <uses-permission android:name="android.permission.ACCESS_WIFI_STATE" >
17    </uses-permission
18    -->
19    <!-- uses-permission android:name="android.permission.ACCESS_NETWORK_STATE"/ -->
20    <application
20-->src/main/AndroidManifest.xml:15:5-30:19
21        android:icon="@drawable/bonhomme1"
21-->src/main/AndroidManifest.xml:16:9-43
22        android:label="Attrape V9" >
22-->src/main/AndroidManifest.xml:17:9-35
23        <activity
23-->src/main/AndroidManifest.xml:18:9-28:20
24            android:name="jeux.Jeux_avion"
24-->src/main/AndroidManifest.xml:19:13-43
25            android:configChanges="orientation|screenSize|screenLayout|keyboardHidden" >
25-->src/main/AndroidManifest.xml:20:13-87
26            <intent-filter>
26-->src/main/AndroidManifest.xml:22:13-26:29
27                <action android:name="android.intent.action.MAIN" />
27-->src/main/AndroidManifest.xml:23:17-69
27-->src/main/AndroidManifest.xml:23:25-66
28
29                <category android:name="android.intent.category.LAUNCHER" />
29-->src/main/AndroidManifest.xml:25:17-77
29-->src/main/AndroidManifest.xml:25:27-74
30            </intent-filter>
31        </activity>
32    </application>
33
34</manifest>